[0.007s] Invoking command in '/home/nine/ballzaros/build/gocargo': CMAKE_PREFIX_PATH=${CMAKE_PREFIX_PATH}:/opt/ros/humble /usr/bin/cmake --build /home/nine/ballzaros/build/gocargo -- -j16 -l16
[0.022s] -- Found ament_cmake: 1.3.12 (/opt/ros/humble/share/ament_cmake/cmake)
[0.090s] -- Override CMake install command with custom implementation using symlinks instead of copying resources
[0.094s] -- Found rclcpp: 16.0.14 (/opt/ros/humble/share/rclcpp/cmake)
[0.109s] -- Found rosidl_generator_c: 3.1.7 (/opt/ros/humble/share/rosidl_generator_c/cmake)
[0.111s] -- Found rosidl_adapter: 3.1.7 (/opt/ros/humble/share/rosidl_adapter/cmake)
[0.114s] -- Found rosidl_generator_cpp: 3.1.7 (/opt/ros/humble/share/rosidl_generator_cpp/cmake)
[0.120s] -- Using all available rosidl_typesupport_c: rosidl_typesupport_fastrtps_c;rosidl_typesupport_introspection_c
[0.127s] -- Using all available rosidl_typesupport_cpp: rosidl_typesupport_fastrtps_cpp;rosidl_typesupport_introspection_cpp
[0.146s] -- Found rmw_implementation_cmake: 6.1.2 (/opt/ros/humble/share/rmw_implementation_cmake/cmake)
[0.147s] -- Found rmw_fastrtps_cpp: 6.2.8 (/opt/ros/humble/share/rmw_fastrtps_cpp/cmake)
[0.208s] -- Using RMW implementation 'rmw_fastrtps_cpp' as default
[0.237s] -- Found sensor_msgs: 4.9.0 (/opt/ros/humble/share/sensor_msgs/cmake)
[0.255s] -- Found xacro: 2.0.13 (/opt/ros/humble/share/xacro/cmake)
[0.255s] -- Found urdf: 2.6.1 (/opt/ros/humble/share/urdf/cmake)
[0.268s] -- Found controller_manager: 2.51.0 (/opt/ros/humble/share/controller_manager/cmake)
[0.346s] -- Found ros2_control: 2.51.0 (/opt/ros/humble/share/ros2_control/cmake)
[0.346s] -- Configuring incomplete, errors occurred!
[0.346s] See also "/home/nine/ballzaros/build/gocargo/CMakeFiles/CMakeOutput.log".
[0.346s] [31mCMake Error at /opt/ros/humble/share/ament_cmake_target_dependencies/cmake/ament_target_dependencies.cmake:42 (message):
[0.346s]   ament_target_dependencies() the first argument must be a valid target name
[0.346s] Call Stack (most recent call first):
[0.346s]   CMakeLists.txt:22 (ament_target_dependencies)
[0.346s] 
[0.346s] [0m
[0.351s] gmake: *** [Makefile:226: cmake_check_build_system] Error 1
[0.353s] Invoked command in '/home/nine/ballzaros/build/gocargo' returned '2': CMAKE_PREFIX_PATH=${CMAKE_PREFIX_PATH}:/opt/ros/humble /usr/bin/cmake --build /home/nine/ballzaros/build/gocargo -- -j16 -l16
