-- Found ament_cmake: 1.3.12 (/opt/ros/humble/share/ament_cmake/cmake)
-- Override CMake install command with custom implementation using symlinks instead of copying resources
-- Found rclcpp: 16.0.14 (/opt/ros/humble/share/rclcpp/cmake)
-- Found rosidl_generator_c: 3.1.7 (/opt/ros/humble/share/rosidl_generator_c/cmake)
-- Found rosidl_adapter: 3.1.7 (/opt/ros/humble/share/rosidl_adapter/cmake)
-- Found rosidl_generator_cpp: 3.1.7 (/opt/ros/humble/share/rosidl_generator_cpp/cmake)
-- Using all available rosidl_typesupport_c: rosidl_typesupport_fastrtps_c;rosidl_typesupport_introspection_c
-- Using all available rosidl_typesupport_cpp: rosidl_typesupport_fastrtps_cpp;rosidl_typesupport_introspection_cpp
-- Found rmw_implementation_cmake: 6.1.2 (/opt/ros/humble/share/rmw_implementation_cmake/cmake)
-- Found rmw_fastrtps_cpp: 6.2.8 (/opt/ros/humble/share/rmw_fastrtps_cpp/cmake)
-- Using RMW implementation 'rmw_fastrtps_cpp' as default
-- Found sensor_msgs: 4.9.0 (/opt/ros/humble/share/sensor_msgs/cmake)
-- Found xacro: 2.0.13 (/opt/ros/humble/share/xacro/cmake)
-- Found urdf: 2.6.1 (/opt/ros/humble/share/urdf/cmake)
-- Found controller_manager: 2.51.0 (/opt/ros/humble/share/controller_manager/cmake)
-- Found ros2_control: 2.51.0 (/opt/ros/humble/share/ros2_control/cmake)
-- Found ament_lint_auto: 0.12.14 (/opt/ros/humble/share/ament_lint_auto/cmake)
-- Added test 'cppcheck' to perform static code analysis on C / C++ code
-- Configured cppcheck include dirs: 
-- Configured cppcheck exclude dirs and/or files: 
-- Added test 'flake8' to check Python code syntax and style conventions
-- Added test 'lint_cmake' to check CMake code style
-- Added test 'pep257' to check Python code against some of the docstring style conventions in PEP 257
-- Added test 'uncrustify' to check C / C++ code style
-- Configured uncrustify additional arguments: 
-- Added test 'xmllint' to check XML markup files
-- Configuring done
-- Generating done
-- Build files have been written to: /home/nine/ballzaros/build/gocargo
-- Install configuration: ""
-- Execute custom install script
-- Symlinking: /home/nine/ballzaros/install/gocargo/share/gocargo/meshes/Cam_Back_Link.STL
-- Symlinking: /home/nine/ballzaros/install/gocargo/share/gocargo/meshes/Cam_Front_Link.STL
-- Symlinking: /home/nine/ballzaros/install/gocargo/share/gocargo/meshes/IMU_Link.STL
-- Symlinking: /home/nine/ballzaros/install/gocargo/share/gocargo/meshes/Left_Wheel_Link.STL
-- Symlinking: /home/nine/ballzaros/install/gocargo/share/gocargo/meshes/Lidar_Back_Link.STL
-- Symlinking: /home/nine/ballzaros/install/gocargo/share/gocargo/meshes/Lidar_Front_Link.STL
-- Symlinking: /home/nine/ballzaros/install/gocargo/share/gocargo/meshes/Origin_link.STL
-- Symlinking: /home/nine/ballzaros/install/gocargo/share/gocargo/meshes/Right_Wheel_Link.STL
-- Up-to-date symlink: /home/nine/ballzaros/install/gocargo/share/gocargo/urdf/AllPart_ROS_1.xacro
-- Up-to-date symlink: /home/nine/ballzaros/install/gocargo/share/gocargo/launch/bringup.launch.py
-- Up-to-date symlink: /home/nine/ballzaros/install/gocargo/share/gocargo/launch/robot.launch.py
-- Up-to-date symlink: /home/nine/ballzaros/install/gocargo/share/gocargo/config/controllers.yaml
-- Symlinking: /home/nine/ballzaros/install/gocargo/share/gocargo/worlds/room10.world.xml
-- Symlinking: /home/nine/ballzaros/install/gocargo/share/gocargo/worlds/roomgocargo.world.xml
-- Up-to-date symlink: /home/nine/ballzaros/install/gocargo/share/ament_index/resource_index/package_run_dependencies/gocargo
-- Up-to-date symlink: /home/nine/ballzaros/install/gocargo/share/ament_index/resource_index/parent_prefix_path/gocargo
-- Up-to-date symlink: /home/nine/ballzaros/install/gocargo/share/gocargo/environment/ament_prefix_path.sh
-- Up-to-date symlink: /home/nine/ballzaros/install/gocargo/share/gocargo/environment/ament_prefix_path.dsv
-- Up-to-date symlink: /home/nine/ballzaros/install/gocargo/share/gocargo/environment/path.sh
-- Up-to-date symlink: /home/nine/ballzaros/install/gocargo/share/gocargo/environment/path.dsv
-- Up-to-date symlink: /home/nine/ballzaros/install/gocargo/share/gocargo/local_setup.bash
-- Up-to-date symlink: /home/nine/ballzaros/install/gocargo/share/gocargo/local_setup.sh
-- Up-to-date symlink: /home/nine/ballzaros/install/gocargo/share/gocargo/local_setup.zsh
-- Up-to-date symlink: /home/nine/ballzaros/install/gocargo/share/gocargo/local_setup.dsv
-- Symlinking: /home/nine/ballzaros/install/gocargo/share/gocargo/package.dsv
-- Up-to-date symlink: /home/nine/ballzaros/install/gocargo/share/ament_index/resource_index/packages/gocargo
-- Up-to-date symlink: /home/nine/ballzaros/install/gocargo/share/gocargo/cmake/gocargoConfig.cmake
-- Up-to-date symlink: /home/nine/ballzaros/install/gocargo/share/gocargo/cmake/gocargoConfig-version.cmake
-- Up-to-date symlink: /home/nine/ballzaros/install/gocargo/share/gocargo/package.xml
