[0.006s] Invoking command in '/home/nine/ballzaros/build/gocargo': CMAKE_PREFIX_PATH=${CMAKE_PREFIX_PATH}:/opt/ros/humble /usr/bin/cmake --build /home/nine/ballzaros/build/gocargo -- -j16 -l16
[0.021s] -- Found ament_cmake: 1.3.12 (/opt/ros/humble/share/ament_cmake/cmake)
[0.089s] -- Override CMake install command with custom implementation using symlinks instead of copying resources
[0.093s] -- Found rclcpp: 16.0.14 (/opt/ros/humble/share/rclcpp/cmake)
[0.109s] -- Found rosidl_generator_c: 3.1.7 (/opt/ros/humble/share/rosidl_generator_c/cmake)
[0.110s] -- Found rosidl_adapter: 3.1.7 (/opt/ros/humble/share/rosidl_adapter/cmake)
[0.113s] -- Found rosidl_generator_cpp: 3.1.7 (/opt/ros/humble/share/rosidl_generator_cpp/cmake)
[0.119s] -- Using all available rosidl_typesupport_c: rosidl_typesupport_fastrtps_c;rosidl_typesupport_introspection_c
[0.126s] -- Using all available rosidl_typesupport_cpp: rosidl_typesupport_fastrtps_cpp;rosidl_typesupport_introspection_cpp
[0.144s] -- Found rmw_implementation_cmake: 6.1.2 (/opt/ros/humble/share/rmw_implementation_cmake/cmake)
[0.145s] -- Found rmw_fastrtps_cpp: 6.2.8 (/opt/ros/humble/share/rmw_fastrtps_cpp/cmake)
[0.203s] -- Using RMW implementation 'rmw_fastrtps_cpp' as default
[0.232s] -- Found sensor_msgs: 4.9.0 (/opt/ros/humble/share/sensor_msgs/cmake)
[0.249s] -- Found xacro: 2.0.13 (/opt/ros/humble/share/xacro/cmake)
[0.250s] -- Found urdf: 2.6.1 (/opt/ros/humble/share/urdf/cmake)
[0.262s] -- Found controller_manager: 2.51.0 (/opt/ros/humble/share/controller_manager/cmake)
[0.336s] -- Found ros2_control: 2.51.0 (/opt/ros/humble/share/ros2_control/cmake)
[0.336s] -- Found ament_lint_auto: 0.12.14 (/opt/ros/humble/share/ament_lint_auto/cmake)
[0.384s] -- Added test 'cppcheck' to perform static code analysis on C / C++ code
[0.384s] -- Configured cppcheck include dirs: 
[0.384s] -- Configured cppcheck exclude dirs and/or files: 
[0.385s] -- Added test 'flake8' to check Python code syntax and style conventions
[0.387s] -- Added test 'lint_cmake' to check CMake code style
[0.388s] -- Added test 'pep257' to check Python code against some of the docstring style conventions in PEP 257
[0.395s] -- Added test 'uncrustify' to check C / C++ code style
[0.395s] -- Configured uncrustify additional arguments: 
[0.396s] -- Added test 'xmllint' to check XML markup files
[0.396s] -- Configuring done
[0.399s] -- Generating done
[0.401s] -- Build files have been written to: /home/nine/ballzaros/build/gocargo
[0.418s] Invoked command in '/home/nine/ballzaros/build/gocargo' returned '0': CMAKE_PREFIX_PATH=${CMAKE_PREFIX_PATH}:/opt/ros/humble /usr/bin/cmake --build /home/nine/ballzaros/build/gocargo -- -j16 -l16
[0.424s] Invoking command in '/home/nine/ballzaros/build/gocargo': CMAKE_PREFIX_PATH=${CMAKE_PREFIX_PATH}:/opt/ros/humble /usr/bin/cmake --install /home/nine/ballzaros/build/gocargo
[0.431s] -- Install configuration: ""
[0.431s] -- Execute custom install script
[0.431s] -- Symlinking: /home/nine/ballzaros/install/gocargo/share/gocargo/meshes/Cam_Back_Link.STL
[0.439s] -- Symlinking: /home/nine/ballzaros/install/gocargo/share/gocargo/meshes/Cam_Front_Link.STL
[0.445s] -- Symlinking: /home/nine/ballzaros/install/gocargo/share/gocargo/meshes/IMU_Link.STL
[0.450s] -- Symlinking: /home/nine/ballzaros/install/gocargo/share/gocargo/meshes/Left_Wheel_Link.STL
[0.455s] -- Symlinking: /home/nine/ballzaros/install/gocargo/share/gocargo/meshes/Lidar_Back_Link.STL
[0.461s] -- Symlinking: /home/nine/ballzaros/install/gocargo/share/gocargo/meshes/Lidar_Front_Link.STL
[0.467s] -- Symlinking: /home/nine/ballzaros/install/gocargo/share/gocargo/meshes/Origin_link.STL
[0.472s] -- Symlinking: /home/nine/ballzaros/install/gocargo/share/gocargo/meshes/Right_Wheel_Link.STL
[0.477s] -- Up-to-date symlink: /home/nine/ballzaros/install/gocargo/share/gocargo/urdf/AllPart_ROS_1.xacro
[0.477s] -- Up-to-date symlink: /home/nine/ballzaros/install/gocargo/share/gocargo/launch/bringup.launch.py
[0.477s] -- Up-to-date symlink: /home/nine/ballzaros/install/gocargo/share/gocargo/launch/robot.launch.py
[0.477s] -- Up-to-date symlink: /home/nine/ballzaros/install/gocargo/share/gocargo/config/controllers.yaml
[0.477s] -- Symlinking: /home/nine/ballzaros/install/gocargo/share/gocargo/worlds/room10.world.xml
[0.482s] -- Symlinking: /home/nine/ballzaros/install/gocargo/share/gocargo/worlds/roomgocargo.world.xml
[0.486s] -- Up-to-date symlink: /home/nine/ballzaros/install/gocargo/share/ament_index/resource_index/package_run_dependencies/gocargo
[0.486s] -- Up-to-date symlink: /home/nine/ballzaros/install/gocargo/share/ament_index/resource_index/parent_prefix_path/gocargo
[0.486s] -- Up-to-date symlink: /home/nine/ballzaros/install/gocargo/share/gocargo/environment/ament_prefix_path.sh
[0.486s] -- Up-to-date symlink: /home/nine/ballzaros/install/gocargo/share/gocargo/environment/ament_prefix_path.dsv
[0.486s] -- Up-to-date symlink: /home/nine/ballzaros/install/gocargo/share/gocargo/environment/path.sh
[0.486s] -- Up-to-date symlink: /home/nine/ballzaros/install/gocargo/share/gocargo/environment/path.dsv
[0.487s] -- Up-to-date symlink: /home/nine/ballzaros/install/gocargo/share/gocargo/local_setup.bash
[0.487s] -- Up-to-date symlink: /home/nine/ballzaros/install/gocargo/share/gocargo/local_setup.sh
[0.487s] -- Up-to-date symlink: /home/nine/ballzaros/install/gocargo/share/gocargo/local_setup.zsh
[0.487s] -- Up-to-date symlink: /home/nine/ballzaros/install/gocargo/share/gocargo/local_setup.dsv
[0.487s] -- Symlinking: /home/nine/ballzaros/install/gocargo/share/gocargo/package.dsv
[0.491s] -- Up-to-date symlink: /home/nine/ballzaros/install/gocargo/share/ament_index/resource_index/packages/gocargo
[0.492s] -- Up-to-date symlink: /home/nine/ballzaros/install/gocargo/share/gocargo/cmake/gocargoConfig.cmake
[0.492s] -- Up-to-date symlink: /home/nine/ballzaros/install/gocargo/share/gocargo/cmake/gocargoConfig-version.cmake
[0.492s] -- Up-to-date symlink: /home/nine/ballzaros/install/gocargo/share/gocargo/package.xml
[0.493s] Invoked command in '/home/nine/ballzaros/build/gocargo' returned '0': CMAKE_PREFIX_PATH=${CMAKE_PREFIX_PATH}:/opt/ros/humble /usr/bin/cmake --install /home/nine/ballzaros/build/gocargo
