[0.007s] Invoking command in '/home/nine/ballzaros_ws/src/ballzaros/build/gocargo': CMAKE_PREFIX_PATH=${CMAKE_PREFIX_PATH}:/opt/ros/humble /usr/bin/cmake /home/nine/ballzaros_ws/src/ballzaros -DCMAKE_INSTALL_PREFIX=/home/nine/ballzaros_ws/src/ballzaros/install/gocargo
[0.077s] -- The C compiler identification is GNU 11.4.0
[0.139s] -- The CXX compiler identification is GNU 11.4.0
[0.146s] -- Detecting C compiler ABI info
[0.190s] -- Detecting C compiler ABI info - done
[0.195s] -- Check for working C compiler: /usr/bin/cc - skipped
[0.195s] -- Detecting C compile features
[0.195s] -- Detecting C compile features - done
[0.197s] -- Detecting CXX compiler ABI info
[0.255s] -- Detecting CXX compiler ABI info - done
[0.259s] -- Check for working CXX compiler: /usr/bin/c++ - skipped
[0.259s] -- Detecting CXX compile features
[0.260s] -- Detecting CXX compile features - done
[0.262s] -- Found ament_cmake: 1.3.12 (/opt/ros/humble/share/ament_cmake/cmake)
[0.362s] -- Found Python3: /usr/bin/python3 (found version "3.10.12") found components: Interpreter 
[0.435s] -- Found rclcpp: 16.0.15 (/opt/ros/humble/share/rclcpp/cmake)
[0.472s] -- Found rosidl_generator_c: 3.1.7 (/opt/ros/humble/share/rosidl_generator_c/cmake)
[0.476s] -- Found rosidl_adapter: 3.1.7 (/opt/ros/humble/share/rosidl_adapter/cmake)
[0.483s] -- Found rosidl_generator_cpp: 3.1.7 (/opt/ros/humble/share/rosidl_generator_cpp/cmake)
[0.493s] -- Using all available rosidl_typesupport_c: rosidl_typesupport_fastrtps_c;rosidl_typesupport_introspection_c
[0.506s] -- Using all available rosidl_typesupport_cpp: rosidl_typesupport_fastrtps_cpp;rosidl_typesupport_introspection_cpp
[0.544s] -- Found rmw_implementation_cmake: 6.1.2 (/opt/ros/humble/share/rmw_implementation_cmake/cmake)
[0.546s] -- Found rmw_fastrtps_cpp: 6.2.8 (/opt/ros/humble/share/rmw_fastrtps_cpp/cmake)
[0.603s] -- Found OpenSSL: /usr/lib/x86_64-linux-gnu/libcrypto.so (found version "3.0.2")  
[0.624s] -- Found FastRTPS: /opt/ros/humble/include  
[0.651s] -- Using RMW implementation 'rmw_fastrtps_cpp' as default
[0.659s] -- Looking for pthread.h
[0.706s] -- Looking for pthread.h - found
[0.706s] -- Performing Test CMAKE_HAVE_LIBC_PTHREAD
[0.755s] -- Performing Test CMAKE_HAVE_LIBC_PTHREAD - Success
[0.756s] -- Found Threads: TRUE  
[0.795s] -- Found sensor_msgs: 4.9.0 (/opt/ros/humble/share/sensor_msgs/cmake)
[0.821s] -- Found xacro: 2.1.1 (/opt/ros/humble/share/xacro/cmake)
[0.822s] -- Found urdf: 2.6.1 (/opt/ros/humble/share/urdf/cmake)
[0.847s] -- Found controller_manager: 2.52.0 (/opt/ros/humble/share/controller_manager/cmake)
[0.947s] -- Found ros2_control: 2.52.0 (/opt/ros/humble/share/ros2_control/cmake)
[0.948s] -- Found ament_lint_auto: 0.12.14 (/opt/ros/humble/share/ament_lint_auto/cmake)
[1.046s] -- Added test 'cppcheck' to perform static code analysis on C / C++ code
[1.046s] -- Configured cppcheck include dirs: 
[1.046s] -- Configured cppcheck exclude dirs and/or files: 
[1.051s] -- Added test 'flake8' to check Python code syntax and style conventions
[1.059s] -- Added test 'lint_cmake' to check CMake code style
[1.063s] -- Added test 'pep257' to check Python code against some of the docstring style conventions in PEP 257
[1.094s] -- Added test 'uncrustify' to check C / C++ code style
[1.095s] -- Configured uncrustify additional arguments: 
[1.099s] -- Added test 'xmllint' to check XML markup files
[1.100s] -- Configuring done
[1.103s] -- Generating done
[1.104s] -- Build files have been written to: /home/nine/ballzaros_ws/src/ballzaros/build/gocargo
[1.114s] Invoked command in '/home/nine/ballzaros_ws/src/ballzaros/build/gocargo' returned '0': CMAKE_PREFIX_PATH=${CMAKE_PREFIX_PATH}:/opt/ros/humble /usr/bin/cmake /home/nine/ballzaros_ws/src/ballzaros -DCMAKE_INSTALL_PREFIX=/home/nine/ballzaros_ws/src/ballzaros/install/gocargo
[1.114s] Invoking command in '/home/nine/ballzaros_ws/src/ballzaros/build/gocargo': CMAKE_PREFIX_PATH=${CMAKE_PREFIX_PATH}:/opt/ros/humble /usr/bin/cmake --build /home/nine/ballzaros_ws/src/ballzaros/build/gocargo -- -j16 -l16
[1.143s] Invoked command in '/home/nine/ballzaros_ws/src/ballzaros/build/gocargo' returned '0': CMAKE_PREFIX_PATH=${CMAKE_PREFIX_PATH}:/opt/ros/humble /usr/bin/cmake --build /home/nine/ballzaros_ws/src/ballzaros/build/gocargo -- -j16 -l16
[1.149s] Invoking command in '/home/nine/ballzaros_ws/src/ballzaros/build/gocargo': CMAKE_PREFIX_PATH=${CMAKE_PREFIX_PATH}:/opt/ros/humble /usr/bin/cmake --install /home/nine/ballzaros_ws/src/ballzaros/build/gocargo
[1.152s] -- Install configuration: ""
[1.152s] -- Installing: /home/nine/ballzaros_ws/src/ballzaros/install/gocargo/share/gocargo/meshes
[1.153s] -- Installing: /home/nine/ballzaros_ws/src/ballzaros/install/gocargo/share/gocargo/meshes/Left_Wheel_Link.STL
[1.153s] -- Installing: /home/nine/ballzaros_ws/src/ballzaros/install/gocargo/share/gocargo/meshes/Cam_Back_Link.STL
[1.153s] -- Installing: /home/nine/ballzaros_ws/src/ballzaros/install/gocargo/share/gocargo/meshes/Lidar_Back_Link.STL
[1.153s] -- Installing: /home/nine/ballzaros_ws/src/ballzaros/install/gocargo/share/gocargo/meshes/Lidar_Front_Link.STL
[1.153s] -- Installing: /home/nine/ballzaros_ws/src/ballzaros/install/gocargo/share/gocargo/meshes/Origin_link.STL
[1.161s] -- Installing: /home/nine/ballzaros_ws/src/ballzaros/install/gocargo/share/gocargo/meshes/Right_Wheel_Link.STL
[1.161s] -- Installing: /home/nine/ballzaros_ws/src/ballzaros/install/gocargo/share/gocargo/meshes/Cam_Front_Link.STL
[1.161s] -- Installing: /home/nine/ballzaros_ws/src/ballzaros/install/gocargo/share/gocargo/meshes/IMU_Link.STL
[1.161s] -- Installing: /home/nine/ballzaros_ws/src/ballzaros/install/gocargo/share/gocargo/urdf
[1.161s] -- Installing: /home/nine/ballzaros_ws/src/ballzaros/install/gocargo/share/gocargo/urdf/AllPart_ROS_1.xacro
[1.161s] -- Installing: /home/nine/ballzaros_ws/src/ballzaros/install/gocargo/share/gocargo/urdf/example.xacro
[1.161s] -- Installing: /home/nine/ballzaros_ws/src/ballzaros/install/gocargo/share/gocargo/launch
[1.161s] -- Installing: /home/nine/ballzaros_ws/src/ballzaros/install/gocargo/share/gocargo/launch/spawn_only.launch.py
[1.161s] -- Installing: /home/nine/ballzaros_ws/src/ballzaros/install/gocargo/share/gocargo/launch/teleop_launch.py
[1.162s] -- Installing: /home/nine/ballzaros_ws/src/ballzaros/install/gocargo/share/gocargo/launch/2lidar.launch.py
[1.162s] -- Installing: /home/nine/ballzaros_ws/src/ballzaros/install/gocargo/share/gocargo/launch/bringup.launch.py
[1.162s] -- Installing: /home/nine/ballzaros_ws/src/ballzaros/install/gocargo/share/gocargo/launch/robot.launch.py
[1.162s] -- Installing: /home/nine/ballzaros_ws/src/ballzaros/install/gocargo/share/gocargo/config
[1.162s] -- Installing: /home/nine/ballzaros_ws/src/ballzaros/install/gocargo/share/gocargo/config/controllers.yaml
[1.162s] -- Installing: /home/nine/ballzaros_ws/src/ballzaros/install/gocargo/share/gocargo/config/backpack_2d.lua
[1.162s] -- Installing: /home/nine/ballzaros_ws/src/ballzaros/install/gocargo/share/gocargo/worlds
[1.162s] -- Installing: /home/nine/ballzaros_ws/src/ballzaros/install/gocargo/share/gocargo/worlds/roomgocargo.world.xml
[1.162s] -- Installing: /home/nine/ballzaros_ws/src/ballzaros/install/gocargo/share/gocargo/worlds/room10.world.xml
[1.162s] -- Installing: /home/nine/ballzaros_ws/src/ballzaros/install/gocargo/share/ament_index/resource_index/package_run_dependencies/gocargo
[1.162s] -- Installing: /home/nine/ballzaros_ws/src/ballzaros/install/gocargo/share/ament_index/resource_index/parent_prefix_path/gocargo
[1.162s] -- Installing: /home/nine/ballzaros_ws/src/ballzaros/install/gocargo/share/gocargo/environment/ament_prefix_path.sh
[1.162s] -- Installing: /home/nine/ballzaros_ws/src/ballzaros/install/gocargo/share/gocargo/environment/ament_prefix_path.dsv
[1.162s] -- Installing: /home/nine/ballzaros_ws/src/ballzaros/install/gocargo/share/gocargo/environment/path.sh
[1.162s] -- Installing: /home/nine/ballzaros_ws/src/ballzaros/install/gocargo/share/gocargo/environment/path.dsv
[1.162s] -- Installing: /home/nine/ballzaros_ws/src/ballzaros/install/gocargo/share/gocargo/local_setup.bash
[1.163s] -- Installing: /home/nine/ballzaros_ws/src/ballzaros/install/gocargo/share/gocargo/local_setup.sh
[1.163s] -- Installing: /home/nine/ballzaros_ws/src/ballzaros/install/gocargo/share/gocargo/local_setup.zsh
[1.163s] -- Installing: /home/nine/ballzaros_ws/src/ballzaros/install/gocargo/share/gocargo/local_setup.dsv
[1.163s] -- Installing: /home/nine/ballzaros_ws/src/ballzaros/install/gocargo/share/gocargo/package.dsv
[1.163s] -- Installing: /home/nine/ballzaros_ws/src/ballzaros/install/gocargo/share/ament_index/resource_index/packages/gocargo
[1.163s] -- Installing: /home/nine/ballzaros_ws/src/ballzaros/install/gocargo/share/gocargo/cmake/gocargoConfig.cmake
[1.163s] -- Installing: /home/nine/ballzaros_ws/src/ballzaros/install/gocargo/share/gocargo/cmake/gocargoConfig-version.cmake
[1.163s] -- Installing: /home/nine/ballzaros_ws/src/ballzaros/install/gocargo/share/gocargo/package.xml
[1.164s] Invoked command in '/home/nine/ballzaros_ws/src/ballzaros/build/gocargo' returned '0': CMAKE_PREFIX_PATH=${CMAKE_PREFIX_PATH}:/opt/ros/humble /usr/bin/cmake --install /home/nine/ballzaros_ws/src/ballzaros/build/gocargo
