[0.012s] Invoking command in '/home/nine/ballzaros/build/gocargo': CMAKE_PREFIX_PATH=${CMAKE_PREFIX_PATH}:/opt/ros/humble /usr/bin/cmake /home/nine/ballzaros -DCMAKE_INSTALL_PREFIX=/home/nine/ballzaros/install/gocargo
[0.025s] -- Found ament_cmake: 1.3.12 (/opt/ros/humble/share/ament_cmake/cmake)
[0.142s] -- Override CMake install command with custom implementation using symlinks instead of copying resources
[0.149s] -- Found rclcpp: 16.0.14 (/opt/ros/humble/share/rclcpp/cmake)
[0.177s] -- Found rosidl_generator_c: 3.1.7 (/opt/ros/humble/share/rosidl_generator_c/cmake)
[0.180s] -- Found rosidl_adapter: 3.1.7 (/opt/ros/humble/share/rosidl_adapter/cmake)
[0.185s] -- Found rosidl_generator_cpp: 3.1.7 (/opt/ros/humble/share/rosidl_generator_cpp/cmake)
[0.194s] -- Using all available rosidl_typesupport_c: rosidl_typesupport_fastrtps_c;rosidl_typesupport_introspection_c
[0.205s] -- Using all available rosidl_typesupport_cpp: rosidl_typesupport_fastrtps_cpp;rosidl_typesupport_introspection_cpp
[0.235s] -- Found rmw_implementation_cmake: 6.1.2 (/opt/ros/humble/share/rmw_implementation_cmake/cmake)
[0.236s] -- Found rmw_fastrtps_cpp: 6.2.8 (/opt/ros/humble/share/rmw_fastrtps_cpp/cmake)
[0.344s] -- Using RMW implementation 'rmw_fastrtps_cpp' as default
[0.451s] -- Configuring done
[0.455s] -- Generating done
[0.457s] -- Build files have been written to: /home/nine/ballzaros/build/gocargo
[0.464s] Invoked command in '/home/nine/ballzaros/build/gocargo' returned '0': CMAKE_PREFIX_PATH=${CMAKE_PREFIX_PATH}:/opt/ros/humble /usr/bin/cmake /home/nine/ballzaros -DCMAKE_INSTALL_PREFIX=/home/nine/ballzaros/install/gocargo
[0.467s] Invoking command in '/home/nine/ballzaros/build/gocargo': CMAKE_PREFIX_PATH=${CMAKE_PREFIX_PATH}:/opt/ros/humble /usr/bin/cmake --build /home/nine/ballzaros/build/gocargo -- -j16 -l16
[0.516s] Invoked command in '/home/nine/ballzaros/build/gocargo' returned '0': CMAKE_PREFIX_PATH=${CMAKE_PREFIX_PATH}:/opt/ros/humble /usr/bin/cmake --build /home/nine/ballzaros/build/gocargo -- -j16 -l16
[0.529s] Invoking command in '/home/nine/ballzaros/build/gocargo': CMAKE_PREFIX_PATH=${CMAKE_PREFIX_PATH}:/opt/ros/humble /usr/bin/cmake --install /home/nine/ballzaros/build/gocargo
[0.538s] -- Install configuration: ""
[0.539s] -- Execute custom install script
[0.539s] -- Up-to-date symlink: /home/nine/ballzaros/install/gocargo/share/gocargo/launch/bringup.launch.py
[0.539s] -- Up-to-date symlink: /home/nine/ballzaros/install/gocargo/share/gocargo/launch/robot.launch.py
[0.540s] -- Up-to-date symlink: /home/nine/ballzaros/install/gocargo/share/gocargo/urdf/AllPart_ROS_1.xacro
[0.540s] -- Up-to-date symlink: /home/nine/ballzaros/install/gocargo/share/gocargo/map/gocargo.pgm
[0.540s] -- Up-to-date symlink: /home/nine/ballzaros/install/gocargo/share/gocargo/map/gocargo.yaml
[0.540s] -- Symlinking: /home/nine/ballzaros/install/gocargo/share/gocargo/config/controllers.yaml
[0.548s] -- Up-to-date symlink: /home/nine/ballzaros/install/gocargo/share/ament_index/resource_index/package_run_dependencies/gocargo
[0.549s] -- Up-to-date symlink: /home/nine/ballzaros/install/gocargo/share/ament_index/resource_index/parent_prefix_path/gocargo
[0.549s] -- Up-to-date symlink: /home/nine/ballzaros/install/gocargo/share/gocargo/environment/ament_prefix_path.sh
[0.549s] -- Up-to-date symlink: /home/nine/ballzaros/install/gocargo/share/gocargo/environment/ament_prefix_path.dsv
[0.549s] -- Up-to-date symlink: /home/nine/ballzaros/install/gocargo/share/gocargo/environment/path.sh
[0.549s] -- Up-to-date symlink: /home/nine/ballzaros/install/gocargo/share/gocargo/environment/path.dsv
[0.550s] -- Up-to-date symlink: /home/nine/ballzaros/install/gocargo/share/gocargo/local_setup.bash
[0.550s] -- Up-to-date symlink: /home/nine/ballzaros/install/gocargo/share/gocargo/local_setup.sh
[0.550s] -- Up-to-date symlink: /home/nine/ballzaros/install/gocargo/share/gocargo/local_setup.zsh
[0.550s] -- Up-to-date symlink: /home/nine/ballzaros/install/gocargo/share/gocargo/local_setup.dsv
[0.550s] -- Symlinking: /home/nine/ballzaros/install/gocargo/share/gocargo/package.dsv
[0.560s] -- Up-to-date symlink: /home/nine/ballzaros/install/gocargo/share/ament_index/resource_index/packages/gocargo
[0.560s] -- Up-to-date symlink: /home/nine/ballzaros/install/gocargo/share/gocargo/cmake/gocargoConfig.cmake
[0.560s] -- Up-to-date symlink: /home/nine/ballzaros/install/gocargo/share/gocargo/cmake/gocargoConfig-version.cmake
[0.560s] -- Up-to-date symlink: /home/nine/ballzaros/install/gocargo/share/gocargo/package.xml
[0.563s] Invoked command in '/home/nine/ballzaros/build/gocargo' returned '0': CMAKE_PREFIX_PATH=${CMAKE_PREFIX_PATH}:/opt/ros/humble /usr/bin/cmake --install /home/nine/ballzaros/build/gocargo
