-- Install configuration: ""
-- Installing: /home/nine/ballzaros/install/gocargo/share/gocargo/launch
-- Installing: /home/nine/ballzaros/install/gocargo/share/gocargo/launch/bringup.launch.py
-- Installing: /home/nine/ballzaros/install/gocargo/share/gocargo/launch/robot.launch.py
-- Installing: /home/nine/ballzaros/install/gocargo/share/gocargo/urdf
-- Installing: /home/nine/ballzaros/install/gocargo/share/gocargo/urdf/AllPart_ROS_1
-- Installing: /home/nine/ballzaros/install/gocargo/share/gocargo/urdf/AllPart_ROS_1/urdf
-- Installing: /home/nine/ballzaros/install/gocargo/share/gocargo/urdf/AllPart_ROS_1/urdf/AllPart_ROS_1.xacro
-- Installing: /home/nine/ballzaros/install/gocargo/share/gocargo/urdf/AllPart_ROS_1/urdf/AllPart_ROS_1.urdf
-- Installing: /home/nine/ballzaros/install/gocargo/share/gocargo/urdf/AllPart_ROS_1/urdf/AllPart_ROS_1.csv
-- Installing: /home/nine/ballzaros/install/gocargo/share/gocargo/urdf/AllPart_ROS_1/package.xml
-- Installing: /home/nine/ballzaros/install/gocargo/share/gocargo/urdf/AllPart_ROS_1/launch
-- Installing: /home/nine/ballzaros/install/gocargo/share/gocargo/urdf/AllPart_ROS_1/launch/gazebo.launch
-- Installing: /home/nine/ballzaros/install/gocargo/share/gocargo/urdf/AllPart_ROS_1/launch/display.launch
-- Installing: /home/nine/ballzaros/install/gocargo/share/gocargo/urdf/AllPart_ROS_1/meshes
-- Installing: /home/nine/ballzaros/install/gocargo/share/gocargo/urdf/AllPart_ROS_1/meshes/Left_Wheel_Link.STL
-- Installing: /home/nine/ballzaros/install/gocargo/share/gocargo/urdf/AllPart_ROS_1/meshes/Cam_Back_Link.STL
-- Installing: /home/nine/ballzaros/install/gocargo/share/gocargo/urdf/AllPart_ROS_1/meshes/Lidar_Back_Link.STL
-- Installing: /home/nine/ballzaros/install/gocargo/share/gocargo/urdf/AllPart_ROS_1/meshes/Lidar_Front_Link.STL
-- Installing: /home/nine/ballzaros/install/gocargo/share/gocargo/urdf/AllPart_ROS_1/meshes/Origin_link.STL
-- Installing: /home/nine/ballzaros/install/gocargo/share/gocargo/urdf/AllPart_ROS_1/meshes/Right_Wheel_Link.STL
-- Installing: /home/nine/ballzaros/install/gocargo/share/gocargo/urdf/AllPart_ROS_1/meshes/Cam_Front_Link.STL
-- Installing: /home/nine/ballzaros/install/gocargo/share/gocargo/urdf/AllPart_ROS_1/meshes/IMU_Link.STL
-- Installing: /home/nine/ballzaros/install/gocargo/share/gocargo/urdf/AllPart_ROS_1/CMakeLists.txt
-- Installing: /home/nine/ballzaros/install/gocargo/share/gocargo/urdf/AllPart_ROS_1/export.log
-- Installing: /home/nine/ballzaros/install/gocargo/share/gocargo/urdf/AllPart_ROS_1/config
-- Installing: /home/nine/ballzaros/install/gocargo/share/gocargo/urdf/AllPart_ROS_1/config/joint_names_AllPart_ROS_1.yaml
-- Installing: /home/nine/ballzaros/install/gocargo/share/gocargo/urdf/AllPart_ROS_1/textures
-- Installing: /home/nine/ballzaros/install/gocargo/share/gocargo/urdf/turtlebot3_burger.urdf
-- Installing: /home/nine/ballzaros/install/gocargo/share/gocargo/map
-- Installing: /home/nine/ballzaros/install/gocargo/share/gocargo/map/gocargo.yaml
-- Installing: /home/nine/ballzaros/install/gocargo/share/gocargo/map/gocargo.pgm
-- Installing: /home/nine/ballzaros/install/gocargo/share/ament_index/resource_index/package_run_dependencies/gocargo
-- Installing: /home/nine/ballzaros/install/gocargo/share/ament_index/resource_index/parent_prefix_path/gocargo
-- Installing: /home/nine/ballzaros/install/gocargo/share/gocargo/environment/ament_prefix_path.sh
-- Installing: /home/nine/ballzaros/install/gocargo/share/gocargo/environment/ament_prefix_path.dsv
-- Installing: /home/nine/ballzaros/install/gocargo/share/gocargo/environment/path.sh
-- Installing: /home/nine/ballzaros/install/gocargo/share/gocargo/environment/path.dsv
-- Installing: /home/nine/ballzaros/install/gocargo/share/gocargo/local_setup.bash
-- Installing: /home/nine/ballzaros/install/gocargo/share/gocargo/local_setup.sh
-- Installing: /home/nine/ballzaros/install/gocargo/share/gocargo/local_setup.zsh
-- Installing: /home/nine/ballzaros/install/gocargo/share/gocargo/local_setup.dsv
-- Up-to-date: /home/nine/ballzaros/install/gocargo/share/gocargo/package.dsv
-- Installing: /home/nine/ballzaros/install/gocargo/share/ament_index/resource_index/packages/gocargo
-- Installing: /home/nine/ballzaros/install/gocargo/share/gocargo/cmake/gocargoConfig.cmake
-- Installing: /home/nine/ballzaros/install/gocargo/share/gocargo/cmake/gocargoConfig-version.cmake
-- Installing: /home/nine/ballzaros/install/gocargo/share/gocargo/package.xml
