[0.011s] Invoking command in '/home/nine/ballzaros/build/gocargo': CMAKE_PREFIX_PATH=/opt/ros/humble /usr/bin/cmake --build /home/nine/ballzaros/build/gocargo -- -j16 -l16
[0.051s] Invoked command in '/home/nine/ballzaros/build/gocargo' returned '0': CMAKE_PREFIX_PATH=/opt/ros/humble /usr/bin/cmake --build /home/nine/ballzaros/build/gocargo -- -j16 -l16
[0.060s] Invoking command in '/home/nine/ballzaros/build/gocargo': CMAKE_PREFIX_PATH=/opt/ros/humble /usr/bin/cmake --install /home/nine/ballzaros/build/gocargo
[0.069s] -- Install configuration: ""
[0.069s] -- Installing: /home/nine/ballzaros/install/gocargo/share/gocargo/launch
[0.070s] -- Installing: /home/nine/ballzaros/install/gocargo/share/gocargo/launch/bringup.launch.py
[0.070s] -- Installing: /home/nine/ballzaros/install/gocargo/share/gocargo/launch/robot.launch.py
[0.070s] -- Installing: /home/nine/ballzaros/install/gocargo/share/gocargo/urdf
[0.070s] -- Installing: /home/nine/ballzaros/install/gocargo/share/gocargo/urdf/AllPart_ROS_1
[0.070s] -- Installing: /home/nine/ballzaros/install/gocargo/share/gocargo/urdf/AllPart_ROS_1/urdf
[0.070s] -- Installing: /home/nine/ballzaros/install/gocargo/share/gocargo/urdf/AllPart_ROS_1/urdf/AllPart_ROS_1.xacro
[0.070s] -- Installing: /home/nine/ballzaros/install/gocargo/share/gocargo/urdf/AllPart_ROS_1/urdf/AllPart_ROS_1.urdf
[0.070s] -- Installing: /home/nine/ballzaros/install/gocargo/share/gocargo/urdf/AllPart_ROS_1/urdf/AllPart_ROS_1.csv
[0.070s] -- Installing: /home/nine/ballzaros/install/gocargo/share/gocargo/urdf/AllPart_ROS_1/package.xml
[0.071s] -- Installing: /home/nine/ballzaros/install/gocargo/share/gocargo/urdf/AllPart_ROS_1/launch
[0.071s] -- Installing: /home/nine/ballzaros/install/gocargo/share/gocargo/urdf/AllPart_ROS_1/launch/gazebo.launch
[0.071s] -- Installing: /home/nine/ballzaros/install/gocargo/share/gocargo/urdf/AllPart_ROS_1/launch/display.launch
[0.071s] -- Installing: /home/nine/ballzaros/install/gocargo/share/gocargo/urdf/AllPart_ROS_1/meshes
[0.071s] -- Installing: /home/nine/ballzaros/install/gocargo/share/gocargo/urdf/AllPart_ROS_1/meshes/Left_Wheel_Link.STL
[0.071s] -- Installing: /home/nine/ballzaros/install/gocargo/share/gocargo/urdf/AllPart_ROS_1/meshes/Cam_Back_Link.STL
[0.072s] -- Installing: /home/nine/ballzaros/install/gocargo/share/gocargo/urdf/AllPart_ROS_1/meshes/Lidar_Back_Link.STL
[0.072s] -- Installing: /home/nine/ballzaros/install/gocargo/share/gocargo/urdf/AllPart_ROS_1/meshes/Lidar_Front_Link.STL
[0.072s] -- Installing: /home/nine/ballzaros/install/gocargo/share/gocargo/urdf/AllPart_ROS_1/meshes/Origin_link.STL
[0.081s] -- Installing: /home/nine/ballzaros/install/gocargo/share/gocargo/urdf/AllPart_ROS_1/meshes/Right_Wheel_Link.STL
[0.082s] -- Installing: /home/nine/ballzaros/install/gocargo/share/gocargo/urdf/AllPart_ROS_1/meshes/Cam_Front_Link.STL
[0.082s] -- Installing: /home/nine/ballzaros/install/gocargo/share/gocargo/urdf/AllPart_ROS_1/meshes/IMU_Link.STL
[0.082s] -- Installing: /home/nine/ballzaros/install/gocargo/share/gocargo/urdf/AllPart_ROS_1/CMakeLists.txt
[0.083s] -- Installing: /home/nine/ballzaros/install/gocargo/share/gocargo/urdf/AllPart_ROS_1/export.log
[0.083s] -- Installing: /home/nine/ballzaros/install/gocargo/share/gocargo/urdf/AllPart_ROS_1/config
[0.083s] -- Installing: /home/nine/ballzaros/install/gocargo/share/gocargo/urdf/AllPart_ROS_1/config/joint_names_AllPart_ROS_1.yaml
[0.083s] -- Installing: /home/nine/ballzaros/install/gocargo/share/gocargo/urdf/AllPart_ROS_1/textures
[0.084s] -- Installing: /home/nine/ballzaros/install/gocargo/share/gocargo/urdf/turtlebot3_burger.urdf
[0.084s] -- Installing: /home/nine/ballzaros/install/gocargo/share/gocargo/map
[0.084s] -- Installing: /home/nine/ballzaros/install/gocargo/share/gocargo/map/gocargo.yaml
[0.084s] -- Installing: /home/nine/ballzaros/install/gocargo/share/gocargo/map/gocargo.pgm
[0.084s] -- Installing: /home/nine/ballzaros/install/gocargo/share/ament_index/resource_index/package_run_dependencies/gocargo
[0.084s] -- Installing: /home/nine/ballzaros/install/gocargo/share/ament_index/resource_index/parent_prefix_path/gocargo
[0.084s] -- Installing: /home/nine/ballzaros/install/gocargo/share/gocargo/environment/ament_prefix_path.sh
[0.084s] -- Installing: /home/nine/ballzaros/install/gocargo/share/gocargo/environment/ament_prefix_path.dsv
[0.084s] -- Installing: /home/nine/ballzaros/install/gocargo/share/gocargo/environment/path.sh
[0.084s] -- Installing: /home/nine/ballzaros/install/gocargo/share/gocargo/environment/path.dsv
[0.085s] -- Installing: /home/nine/ballzaros/install/gocargo/share/gocargo/local_setup.bash
[0.085s] -- Installing: /home/nine/ballzaros/install/gocargo/share/gocargo/local_setup.sh
[0.085s] -- Installing: /home/nine/ballzaros/install/gocargo/share/gocargo/local_setup.zsh
[0.085s] -- Installing: /home/nine/ballzaros/install/gocargo/share/gocargo/local_setup.dsv
[0.085s] -- Up-to-date: /home/nine/ballzaros/install/gocargo/share/gocargo/package.dsv
[0.085s] -- Installing: /home/nine/ballzaros/install/gocargo/share/ament_index/resource_index/packages/gocargo
[0.085s] -- Installing: /home/nine/ballzaros/install/gocargo/share/gocargo/cmake/gocargoConfig.cmake
[0.085s] -- Installing: /home/nine/ballzaros/install/gocargo/share/gocargo/cmake/gocargoConfig-version.cmake
[0.085s] -- Installing: /home/nine/ballzaros/install/gocargo/share/gocargo/package.xml
[0.087s] Invoked command in '/home/nine/ballzaros/build/gocargo' returned '0': CMAKE_PREFIX_PATH=/opt/ros/humble /usr/bin/cmake --install /home/nine/ballzaros/build/gocargo
