-- Install configuration: ""
-- Execute custom install script
-- Up-to-date symlink: /home/nine/ballzaros/install/gocargo/share/gocargo/meshes/Cam_Back_Link.STL
-- Up-to-date symlink: /home/nine/ballzaros/install/gocargo/share/gocargo/meshes/Cam_Front_Link.STL
-- Up-to-date symlink: /home/nine/ballzaros/install/gocargo/share/gocargo/meshes/IMU_Link.STL
-- Up-to-date symlink: /home/nine/ballzaros/install/gocargo/share/gocargo/meshes/Left_Wheel_Link.STL
-- Up-to-date symlink: /home/nine/ballzaros/install/gocargo/share/gocargo/meshes/Lidar_Back_Link.STL
-- Up-to-date symlink: /home/nine/ballzaros/install/gocargo/share/gocargo/meshes/Lidar_Front_Link.STL
-- Up-to-date symlink: /home/nine/ballzaros/install/gocargo/share/gocargo/meshes/Origin_link.STL
-- Up-to-date symlink: /home/nine/ballzaros/install/gocargo/share/gocargo/meshes/Right_Wheel_Link.STL
-- Up-to-date symlink: /home/nine/ballzaros/install/gocargo/share/gocargo/urdf/AllPart_ROS_1.xacro
-- Symlinking: /home/nine/ballzaros/install/gocargo/share/gocargo/urdf/example.xacro
-- Symlinking: /home/nine/ballzaros/install/gocargo/share/gocargo/launch/2lidar.py
-- Up-to-date symlink: /home/nine/ballzaros/install/gocargo/share/gocargo/launch/bringup.launch.py
-- Up-to-date symlink: /home/nine/ballzaros/install/gocargo/share/gocargo/launch/robot.launch.py
-- Symlinking: /home/nine/ballzaros/install/gocargo/share/gocargo/config/backpack_2d.lua
-- Up-to-date symlink: /home/nine/ballzaros/install/gocargo/share/gocargo/config/controllers.yaml
-- Up-to-date symlink: /home/nine/ballzaros/install/gocargo/share/gocargo/worlds/room10.world.xml
-- Up-to-date symlink: /home/nine/ballzaros/install/gocargo/share/gocargo/worlds/roomgocargo.world.xml
-- Up-to-date symlink: /home/nine/ballzaros/install/gocargo/share/ament_index/resource_index/package_run_dependencies/gocargo
-- Up-to-date symlink: /home/nine/ballzaros/install/gocargo/share/ament_index/resource_index/parent_prefix_path/gocargo
-- Up-to-date symlink: /home/nine/ballzaros/install/gocargo/share/gocargo/environment/ament_prefix_path.sh
-- Up-to-date symlink: /home/nine/ballzaros/install/gocargo/share/gocargo/environment/ament_prefix_path.dsv
-- Up-to-date symlink: /home/nine/ballzaros/install/gocargo/share/gocargo/environment/path.sh
-- Up-to-date symlink: /home/nine/ballzaros/install/gocargo/share/gocargo/environment/path.dsv
-- Up-to-date symlink: /home/nine/ballzaros/install/gocargo/share/gocargo/local_setup.bash
-- Up-to-date symlink: /home/nine/ballzaros/install/gocargo/share/gocargo/local_setup.sh
-- Up-to-date symlink: /home/nine/ballzaros/install/gocargo/share/gocargo/local_setup.zsh
-- Up-to-date symlink: /home/nine/ballzaros/install/gocargo/share/gocargo/local_setup.dsv
-- Symlinking: /home/nine/ballzaros/install/gocargo/share/gocargo/package.dsv
-- Up-to-date symlink: /home/nine/ballzaros/install/gocargo/share/ament_index/resource_index/packages/gocargo
-- Up-to-date symlink: /home/nine/ballzaros/install/gocargo/share/gocargo/cmake/gocargoConfig.cmake
-- Up-to-date symlink: /home/nine/ballzaros/install/gocargo/share/gocargo/cmake/gocargoConfig-version.cmake
-- Up-to-date symlink: /home/nine/ballzaros/install/gocargo/share/gocargo/package.xml
