[0.011s] Invoking command in '/home/nine/ballzaros/build/gocargo': CMAKE_PREFIX_PATH=/opt/ros/humble /usr/bin/cmake --build /home/nine/ballzaros/build/gocargo -- -j16 -l16
[0.035s] -- Found ament_cmake: 1.3.12 (/opt/ros/humble/share/ament_cmake/cmake)
[0.141s] -- Found rclcpp: 16.0.14 (/opt/ros/humble/share/rclcpp/cmake)
[0.163s] -- Found rosidl_generator_c: 3.1.7 (/opt/ros/humble/share/rosidl_generator_c/cmake)
[0.165s] -- Found rosidl_adapter: 3.1.7 (/opt/ros/humble/share/rosidl_adapter/cmake)
[0.170s] -- Found rosidl_generator_cpp: 3.1.7 (/opt/ros/humble/share/rosidl_generator_cpp/cmake)
[0.177s] -- Using all available rosidl_typesupport_c: rosidl_typesupport_fastrtps_c;rosidl_typesupport_introspection_c
[0.186s] -- Using all available rosidl_typesupport_cpp: rosidl_typesupport_fastrtps_cpp;rosidl_typesupport_introspection_cpp
[0.209s] -- Found rmw_implementation_cmake: 6.1.2 (/opt/ros/humble/share/rmw_implementation_cmake/cmake)
[0.210s] -- Found rmw_fastrtps_cpp: 6.2.8 (/opt/ros/humble/share/rmw_fastrtps_cpp/cmake)
[0.293s] -- Using RMW implementation 'rmw_fastrtps_cpp' as default
[0.380s] -- Configuring done
[0.384s] -- Generating done
[0.387s] -- Build files have been written to: /home/nine/ballzaros/build/gocargo
[0.414s] Invoked command in '/home/nine/ballzaros/build/gocargo' returned '0': CMAKE_PREFIX_PATH=/opt/ros/humble /usr/bin/cmake --build /home/nine/ballzaros/build/gocargo -- -j16 -l16
[0.428s] Invoking command in '/home/nine/ballzaros/build/gocargo': CMAKE_PREFIX_PATH=/opt/ros/humble /usr/bin/cmake --install /home/nine/ballzaros/build/gocargo
[0.436s] -- Install configuration: ""
[0.436s] -- Up-to-date: /home/nine/ballzaros/install/gocargo/share/gocargo/launch
[0.436s] -- Up-to-date: /home/nine/ballzaros/install/gocargo/share/gocargo/launch/bringup.launch.py
[0.436s] -- Up-to-date: /home/nine/ballzaros/install/gocargo/share/gocargo/launch/robot.launch.py
[0.436s] -- Up-to-date: /home/nine/ballzaros/install/gocargo/share/gocargo/urdf
[0.437s] -- Installing: /home/nine/ballzaros/install/gocargo/share/gocargo/urdf/AllPart_ROS_1.xacro
[0.437s] -- Up-to-date: /home/nine/ballzaros/install/gocargo/share/gocargo/map
[0.437s] -- Up-to-date: /home/nine/ballzaros/install/gocargo/share/gocargo/map/gocargo.yaml
[0.437s] -- Up-to-date: /home/nine/ballzaros/install/gocargo/share/gocargo/map/gocargo.pgm
[0.437s] -- Up-to-date: /home/nine/ballzaros/install/gocargo/share/ament_index/resource_index/package_run_dependencies/gocargo
[0.437s] -- Up-to-date: /home/nine/ballzaros/install/gocargo/share/ament_index/resource_index/parent_prefix_path/gocargo
[0.437s] -- Up-to-date: /home/nine/ballzaros/install/gocargo/share/gocargo/environment/ament_prefix_path.sh
[0.437s] -- Installing: /home/nine/ballzaros/install/gocargo/share/gocargo/environment/ament_prefix_path.dsv
[0.438s] -- Up-to-date: /home/nine/ballzaros/install/gocargo/share/gocargo/environment/path.sh
[0.438s] -- Installing: /home/nine/ballzaros/install/gocargo/share/gocargo/environment/path.dsv
[0.438s] -- Up-to-date: /home/nine/ballzaros/install/gocargo/share/gocargo/local_setup.bash
[0.438s] -- Up-to-date: /home/nine/ballzaros/install/gocargo/share/gocargo/local_setup.sh
[0.438s] -- Up-to-date: /home/nine/ballzaros/install/gocargo/share/gocargo/local_setup.zsh
[0.438s] -- Installing: /home/nine/ballzaros/install/gocargo/share/gocargo/local_setup.dsv
[0.438s] -- Installing: /home/nine/ballzaros/install/gocargo/share/gocargo/package.dsv
[0.438s] -- Up-to-date: /home/nine/ballzaros/install/gocargo/share/ament_index/resource_index/packages/gocargo
[0.438s] -- Up-to-date: /home/nine/ballzaros/install/gocargo/share/gocargo/cmake/gocargoConfig.cmake
[0.438s] -- Up-to-date: /home/nine/ballzaros/install/gocargo/share/gocargo/cmake/gocargoConfig-version.cmake
[0.439s] -- Up-to-date: /home/nine/ballzaros/install/gocargo/share/gocargo/package.xml
[0.440s] Invoked command in '/home/nine/ballzaros/build/gocargo' returned '0': CMAKE_PREFIX_PATH=/opt/ros/humble /usr/bin/cmake --install /home/nine/ballzaros/build/gocargo
