[0.015s] Invoking command in '/home/nine/ballzaros/build/gocargo': CMAKE_PREFIX_PATH=${CMAKE_PREFIX_PATH}:/opt/ros/humble /usr/bin/cmake /home/nine/ballzaros -DAMENT_CMAKE_SYMLINK_INSTALL=1 -DCMAKE_INSTALL_PREFIX=/home/nine/ballzaros/install/gocargo
[0.029s] -- Found ament_cmake: 1.3.12 (/opt/ros/humble/share/ament_cmake/cmake)
[0.170s] -- Override CMake install command with custom implementation using symlinks instead of copying resources
[0.181s] -- Found rclcpp: 16.0.14 (/opt/ros/humble/share/rclcpp/cmake)
[0.215s] -- Found rosidl_generator_c: 3.1.7 (/opt/ros/humble/share/rosidl_generator_c/cmake)
[0.217s] -- Found rosidl_adapter: 3.1.7 (/opt/ros/humble/share/rosidl_adapter/cmake)
[0.224s] -- Found rosidl_generator_cpp: 3.1.7 (/opt/ros/humble/share/rosidl_generator_cpp/cmake)
[0.237s] -- Using all available rosidl_typesupport_c: rosidl_typesupport_fastrtps_c;rosidl_typesupport_introspection_c
[0.253s] -- Using all available rosidl_typesupport_cpp: rosidl_typesupport_fastrtps_cpp;rosidl_typesupport_introspection_cpp
[0.294s] -- Found rmw_implementation_cmake: 6.1.2 (/opt/ros/humble/share/rmw_implementation_cmake/cmake)
[0.295s] -- Found rmw_fastrtps_cpp: 6.2.8 (/opt/ros/humble/share/rmw_fastrtps_cpp/cmake)
[0.436s] -- Using RMW implementation 'rmw_fastrtps_cpp' as default
[0.590s] -- Configuring done
[0.595s] -- Generating done
[0.600s] -- Build files have been written to: /home/nine/ballzaros/build/gocargo
[0.611s] Invoked command in '/home/nine/ballzaros/build/gocargo' returned '0': CMAKE_PREFIX_PATH=${CMAKE_PREFIX_PATH}:/opt/ros/humble /usr/bin/cmake /home/nine/ballzaros -DAMENT_CMAKE_SYMLINK_INSTALL=1 -DCMAKE_INSTALL_PREFIX=/home/nine/ballzaros/install/gocargo
[0.613s] Invoking command in '/home/nine/ballzaros/build/gocargo': CMAKE_PREFIX_PATH=${CMAKE_PREFIX_PATH}:/opt/ros/humble /usr/bin/cmake --build /home/nine/ballzaros/build/gocargo -- -j16 -l16
[0.669s] Invoked command in '/home/nine/ballzaros/build/gocargo' returned '0': CMAKE_PREFIX_PATH=${CMAKE_PREFIX_PATH}:/opt/ros/humble /usr/bin/cmake --build /home/nine/ballzaros/build/gocargo -- -j16 -l16
[0.685s] Invoking command in '/home/nine/ballzaros/build/gocargo': CMAKE_PREFIX_PATH=${CMAKE_PREFIX_PATH}:/opt/ros/humble /usr/bin/cmake --install /home/nine/ballzaros/build/gocargo
[0.694s] -- Install configuration: ""
[0.694s] -- Execute custom install script
[0.695s] -- Symlinking: /home/nine/ballzaros/install/gocargo/share/gocargo/launch/bringup.launch.py
[0.709s] -- Symlinking: /home/nine/ballzaros/install/gocargo/share/gocargo/launch/robot.launch.py
[0.721s] -- Symlinking: /home/nine/ballzaros/install/gocargo/share/gocargo/urdf/AllPart_ROS_1.xacro
[0.735s] -- Symlinking: /home/nine/ballzaros/install/gocargo/share/gocargo/map/gocargo.pgm
[0.748s] -- Symlinking: /home/nine/ballzaros/install/gocargo/share/gocargo/map/gocargo.yaml
[0.763s] -- Symlinking: /home/nine/ballzaros/install/gocargo/share/ament_index/resource_index/package_run_dependencies/gocargo
[0.777s] -- Symlinking: /home/nine/ballzaros/install/gocargo/share/ament_index/resource_index/parent_prefix_path/gocargo
[0.790s] -- Symlinking: /home/nine/ballzaros/install/gocargo/share/gocargo/environment/ament_prefix_path.sh
[0.802s] -- Symlinking: /home/nine/ballzaros/install/gocargo/share/gocargo/environment/ament_prefix_path.dsv
[0.813s] -- Symlinking: /home/nine/ballzaros/install/gocargo/share/gocargo/environment/path.sh
[0.825s] -- Symlinking: /home/nine/ballzaros/install/gocargo/share/gocargo/environment/path.dsv
[0.837s] -- Symlinking: /home/nine/ballzaros/install/gocargo/share/gocargo/local_setup.bash
[0.849s] -- Symlinking: /home/nine/ballzaros/install/gocargo/share/gocargo/local_setup.sh
[0.859s] -- Symlinking: /home/nine/ballzaros/install/gocargo/share/gocargo/local_setup.zsh
[0.871s] -- Symlinking: /home/nine/ballzaros/install/gocargo/share/gocargo/local_setup.dsv
[0.884s] -- Symlinking: /home/nine/ballzaros/install/gocargo/share/gocargo/package.dsv
[0.899s] -- Symlinking: /home/nine/ballzaros/install/gocargo/share/ament_index/resource_index/packages/gocargo
[0.913s] -- Symlinking: /home/nine/ballzaros/install/gocargo/share/gocargo/cmake/gocargoConfig.cmake
[0.926s] -- Symlinking: /home/nine/ballzaros/install/gocargo/share/gocargo/cmake/gocargoConfig-version.cmake
[0.938s] -- Symlinking: /home/nine/ballzaros/install/gocargo/share/gocargo/package.xml
[0.956s] Invoked command in '/home/nine/ballzaros/build/gocargo' returned '0': CMAKE_PREFIX_PATH=${CMAKE_PREFIX_PATH}:/opt/ros/humble /usr/bin/cmake --install /home/nine/ballzaros/build/gocargo
