[0.009s] Invoking command in '/home/nine/ballzaros/build/gocargo': CMAKE_PREFIX_PATH=/opt/ros/humble /usr/bin/cmake /home/nine/ballzaros -DCMAKE_INSTALL_PREFIX=/home/nine/ballzaros/install/gocargo
[0.139s] -- The C compiler identification is GNU 11.4.0
[0.215s] -- The CXX compiler identification is GNU 11.4.0
[0.224s] -- Detecting C compiler ABI info
[0.307s] -- Detecting C compiler ABI info - done
[0.317s] -- Check for working C compiler: /usr/bin/cc - skipped
[0.318s] -- Detecting C compile features
[0.318s] -- Detecting C compile features - done
[0.323s] -- Detecting CXX compiler ABI info
[0.414s] -- Detecting CXX compiler ABI info - done
[0.423s] -- Check for working CXX compiler: /usr/bin/c++ - skipped
[0.423s] -- Detecting CXX compile features
[0.423s] -- Detecting CXX compile features - done
[0.427s] -- Found ament_cmake: 1.3.12 (/opt/ros/humble/share/ament_cmake/cmake)
[0.554s] -- Found Python3: /usr/bin/python3 (found version "3.10.12") found components: Interpreter 
[0.640s] -- Found rclcpp: 16.0.14 (/opt/ros/humble/share/rclcpp/cmake)
[0.677s] -- Found rosidl_generator_c: 3.1.7 (/opt/ros/humble/share/rosidl_generator_c/cmake)
[0.682s] -- Found rosidl_adapter: 3.1.7 (/opt/ros/humble/share/rosidl_adapter/cmake)
[0.690s] -- Found rosidl_generator_cpp: 3.1.7 (/opt/ros/humble/share/rosidl_generator_cpp/cmake)
[0.700s] -- Using all available rosidl_typesupport_c: rosidl_typesupport_fastrtps_c;rosidl_typesupport_introspection_c
[0.715s] -- Using all available rosidl_typesupport_cpp: rosidl_typesupport_fastrtps_cpp;rosidl_typesupport_introspection_cpp
[0.758s] -- Found rmw_implementation_cmake: 6.1.2 (/opt/ros/humble/share/rmw_implementation_cmake/cmake)
[0.760s] -- Found rmw_fastrtps_cpp: 6.2.8 (/opt/ros/humble/share/rmw_fastrtps_cpp/cmake)
[0.843s] -- Found OpenSSL: /usr/lib/x86_64-linux-gnu/libcrypto.so (found version "3.0.2")  
[0.866s] -- Found FastRTPS: /opt/ros/humble/include  
[0.899s] -- Using RMW implementation 'rmw_fastrtps_cpp' as default
[0.908s] -- Looking for pthread.h
[0.986s] -- Looking for pthread.h - found
[0.987s] -- Performing Test CMAKE_HAVE_LIBC_PTHREAD
[1.070s] -- Performing Test CMAKE_HAVE_LIBC_PTHREAD - Success
[1.072s] -- Found Threads: TRUE  
[1.178s] -- Configuring done
[1.181s] -- Generating done
[1.183s] -- Build files have been written to: /home/nine/ballzaros/build/gocargo
[1.192s] Invoked command in '/home/nine/ballzaros/build/gocargo' returned '0': CMAKE_PREFIX_PATH=/opt/ros/humble /usr/bin/cmake /home/nine/ballzaros -DCMAKE_INSTALL_PREFIX=/home/nine/ballzaros/install/gocargo
[1.194s] Invoking command in '/home/nine/ballzaros/build/gocargo': CMAKE_PREFIX_PATH=/opt/ros/humble /usr/bin/cmake --build /home/nine/ballzaros/build/gocargo -- -j16 -l16
[1.233s] Invoked command in '/home/nine/ballzaros/build/gocargo' returned '0': CMAKE_PREFIX_PATH=/opt/ros/humble /usr/bin/cmake --build /home/nine/ballzaros/build/gocargo -- -j16 -l16
[1.244s] Invoking command in '/home/nine/ballzaros/build/gocargo': CMAKE_PREFIX_PATH=/opt/ros/humble /usr/bin/cmake --install /home/nine/ballzaros/build/gocargo
[1.252s] [31mCMake Error at cmake_install.cmake:46 (file):
[1.252s]   file INSTALL cannot find "/home/nine/ballzaros/launch": No such file or
[1.252s]   directory.
[1.252s] 
[1.252s] [0m
[1.252s] -- Install configuration: ""
[1.254s] Invoked command in '/home/nine/ballzaros/build/gocargo' returned '1': CMAKE_PREFIX_PATH=/opt/ros/humble /usr/bin/cmake --install /home/nine/ballzaros/build/gocargo
